c:\advancedgraphics_hw\forward\build\windows\forward.dir\debug\vc120.pdb
c:\advancedgraphics_hw\forward\build\windows\forward.dir\debug\hullshaderdx11.obj
c:\advancedgraphics_hw\forward\build\windows\forward.dir\debug\geometryshaderdx11.obj
c:\advancedgraphics_hw\forward\build\windows\forward.dir\debug\domainshaderdx11.obj
c:\advancedgraphics_hw\forward\build\windows\forward.dir\debug\computeshaderdx11.obj
c:\advancedgraphics_hw\forward\build\windows\forward.dir\debug\shaderstagestatedx11.obj
c:\advancedgraphics_hw\forward\build\windows\forward.dir\debug\outputmergerstagestatedx11.obj
c:\advancedgraphics_hw\forward\build\windows\forward.dir\debug\outputmergerstagedx11.obj
c:\advancedgraphics_hw\forward\build\windows\forward.dir\debug\streamoutputstagestatedx11.obj
c:\advancedgraphics_hw\forward\build\windows\forward.dir\debug\streamoutputstagedx11.obj
c:\advancedgraphics_hw\forward\build\windows\forward.dir\debug\rasterizerstagestatedx11.obj
c:\advancedgraphics_hw\forward\build\windows\forward.dir\debug\rasterizerstagedx11.obj
c:\advancedgraphics_hw\forward\build\windows\forward.dir\debug\inputassemblerstatedx11.obj
c:\advancedgraphics_hw\forward\build\windows\forward.dir\debug\inputassemblerstagedx11.obj
c:\advancedgraphics_hw\forward\build\windows\forward.dir\debug\dxgioutput.obj
c:\advancedgraphics_hw\forward\build\windows\forward.dir\debug\dxgiadapter.obj
c:\advancedgraphics_hw\forward\build\windows\forward.dir\debug\log.obj
c:\advancedgraphics_hw\forward\build\windows\forward.dir\debug\d3dutil.obj
c:\advancedgraphics_hw\forward\build\windows\forward.dir\debug\rendererdx11.obj
c:\advancedgraphics_hw\forward\build\windows\forward.dir\debug\applicationdx11.obj
c:\advancedgraphics_hw\forward\build\windows\forward.dir\debug\types.obj
c:\advancedgraphics_hw\forward\build\windows\forward.dir\debug\byteaddressbufferdx11.obj
c:\advancedgraphics_hw\forward\build\windows\forward.dir\debug\bufferdx11.obj
c:\advancedgraphics_hw\forward\build\windows\forward.dir\debug\bufferconfigdx11.obj
c:\advancedgraphics_hw\forward\build\windows\forward.dir\debug\resourceproxydx11.obj
c:\advancedgraphics_hw\forward\build\windows\forward.dir\debug\resourcedx11.obj
c:\advancedgraphics_hw\forward\build\windows\forward.dir\debug\pipelinemanagerdx11.obj
c:\advancedgraphics_hw\forward\build\windows\forward.dir\debug\vertexelementdx11.obj
c:\advancedgraphics_hw\forward\build\windows\forward.dir\debug\pipelineexecutordx11.obj
c:\advancedgraphics_hw\forward\build\windows\forward.dir\debug\geometrydx11.obj
c:\advancedgraphics_hw\forward\build\windows\forward.dir\debug\vertexshaderstagedx11.obj
c:\advancedgraphics_hw\forward\build\windows\forward.dir\debug\shaderstagedx11.obj
c:\advancedgraphics_hw\forward\build\windows\forward.dir\debug\pixelshaderstagedx11.obj
c:\advancedgraphics_hw\forward\build\windows\forward.dir\debug\hullshaderstagedx11.obj
c:\advancedgraphics_hw\forward\build\windows\forward.dir\debug\geometryshaderstagedx11.obj
c:\advancedgraphics_hw\forward\build\windows\forward.dir\debug\domainshaderstagedx11.obj
c:\advancedgraphics_hw\forward\build\windows\forward.dir\debug\computeshaderstagedx11.obj
c:\advancedgraphics_hw\forward\build\windows\forward.dir\debug\shaderfactorydx11.obj
c:\advancedgraphics_hw\forward\build\windows\forward.dir\debug\vertexshaderdx11.obj
c:\advancedgraphics_hw\forward\build\windows\forward.dir\debug\shaderdx11.obj
c:\advancedgraphics_hw\forward\build\windows\forward.dir\debug\pixelshaderdx11.obj
c:\advancedgraphics_hw\forward\build\windows\forward.dir\debug\unorderedaccessviewconfigdx11.obj
c:\advancedgraphics_hw\forward\build\windows\forward.dir\debug\shaderresourceviewdx11.obj
c:\advancedgraphics_hw\forward\build\windows\forward.dir\debug\shaderresourceviewconfigdx11.obj
c:\advancedgraphics_hw\forward\build\windows\forward.dir\debug\rendertargetviewdx11.obj
c:\advancedgraphics_hw\forward\build\windows\forward.dir\debug\rendertargetviewconfigdx11.obj
c:\advancedgraphics_hw\forward\build\windows\forward.dir\debug\depthstencilviewdx11.obj
c:\advancedgraphics_hw\forward\build\windows\forward.dir\debug\depthstencilviewconfigdx11.obj
c:\advancedgraphics_hw\forward\build\windows\forward.dir\debug\swapchaindx11.obj
c:\advancedgraphics_hw\forward\build\windows\forward.dir\debug\swapchainconfigdx11.obj
c:\advancedgraphics_hw\forward\build\windows\forward.dir\debug\texture3ddx11.obj
c:\advancedgraphics_hw\forward\build\windows\forward.dir\debug\texture3dconfigdx11.obj
c:\advancedgraphics_hw\forward\build\windows\forward.dir\debug\texture2ddx11.obj
c:\advancedgraphics_hw\forward\build\windows\forward.dir\debug\texture2dconfigdx11.obj
c:\advancedgraphics_hw\forward\build\windows\forward.dir\debug\texture1ddx11.obj
c:\advancedgraphics_hw\forward\build\windows\forward.dir\debug\texture1dconfigdx11.obj
c:\advancedgraphics_hw\forward\build\windows\forward.dir\debug\vertexbufferdx11.obj
c:\advancedgraphics_hw\forward\build\windows\forward.dir\debug\structuredbufferdx11.obj
c:\advancedgraphics_hw\forward\build\windows\forward.dir\debug\indirectargsbufferdx11.obj
c:\advancedgraphics_hw\forward\build\windows\forward.dir\debug\indexbufferdx11.obj
c:\advancedgraphics_hw\forward\build\windows\forward.dir\debug\constantbufferdx11.obj
c:\advancedgraphics_hw\forward\build\windows\forward.dir\debug\shape3d.obj
c:\advancedgraphics_hw\forward\build\windows\forward.dir\debug\ray3f.obj
c:\advancedgraphics_hw\forward\build\windows\forward.dir\debug\pointindices.obj
c:\advancedgraphics_hw\forward\build\windows\forward.dir\debug\plane3f.obj
c:\advancedgraphics_hw\forward\build\windows\forward.dir\debug\lineindices.obj
c:\advancedgraphics_hw\forward\build\windows\forward.dir\debug\frustum3f.obj
c:\advancedgraphics_hw\forward\build\windows\forward.dir\debug\cone3f.obj
c:\advancedgraphics_hw\forward\build\windows\forward.dir\debug\compositeshape.obj
c:\advancedgraphics_hw\forward\build\windows\forward.dir\debug\box3f.obj
c:\advancedgraphics_hw\forward\build\windows\forward.dir\debug\vector4f.obj
c:\advancedgraphics_hw\forward\build\windows\forward.dir\debug\vector3f.obj
c:\advancedgraphics_hw\forward\build\windows\forward.dir\debug\vector2f.obj
c:\advancedgraphics_hw\forward\build\windows\forward.dir\debug\matrix4f.obj
c:\advancedgraphics_hw\forward\build\windows\forward.dir\debug\matrix3f.obj
c:\advancedgraphics_hw\forward\build\windows\forward.dir\debug\viewportdx11.obj
c:\advancedgraphics_hw\forward\build\windows\forward.dir\debug\samplerstateconfigdx11.obj
c:\advancedgraphics_hw\forward\build\windows\forward.dir\debug\rasterizerstateconfigdx11.obj
c:\advancedgraphics_hw\forward\build\windows\forward.dir\debug\depthstencilstateconfigdx11.obj
c:\advancedgraphics_hw\forward\build\windows\forward.dir\debug\blendstateconfigdx11.obj
c:\advancedgraphics_hw\forward\build\windows\forward.dir\debug\unorderedaccessviewdx11.obj
c:\advancedgraphics_hw\forward\build\windows\forward.dir\debug\timer.obj
c:\advancedgraphics_hw\forward\build\windows\forward.dir\debug\filesystem.obj
c:\advancedgraphics_hw\forward\build\windows\forward.dir\debug\fileloader.obj
c:\advancedgraphics_hw\forward\build\windows\forward.dir\debug\intrray3fsphere3f.obj
c:\advancedgraphics_hw\forward\build\windows\forward.dir\debug\intrray3fbox3f.obj
c:\advancedgraphics_hw\forward\build\windows\forward.dir\debug\intersector.obj
c:\advancedgraphics_hw\forward\build\windows\forward.dir\debug\triangleindices.obj
c:\advancedgraphics_hw\forward\build\windows\forward.dir\debug\triangle3f.obj
c:\advancedgraphics_hw\forward\build\windows\forward.dir\debug\sphere3f.obj
c:\advancedgraphics_hw\forward\build\windows\cmakefiles\generate.stamp
c:\advancedgraphics_hw\forward\build\windows\debug\forward.lib
c:\advancedgraphics_hw\forward\build\windows\forward.dir\debug\forward.tlog\cl.command.1.tlog
c:\advancedgraphics_hw\forward\build\windows\forward.dir\debug\forward.tlog\cl.read.1.tlog
c:\advancedgraphics_hw\forward\build\windows\forward.dir\debug\forward.tlog\cl.write.1.tlog
c:\advancedgraphics_hw\forward\build\windows\forward.dir\debug\forward.tlog\custombuild.command.1.tlog
c:\advancedgraphics_hw\forward\build\windows\forward.dir\debug\forward.tlog\custombuild.read.1.tlog
c:\advancedgraphics_hw\forward\build\windows\forward.dir\debug\forward.tlog\custombuild.write.1.tlog
c:\advancedgraphics_hw\forward\build\windows\forward.dir\debug\forward.tlog\lib-link.read.1.tlog
c:\advancedgraphics_hw\forward\build\windows\forward.dir\debug\forward.tlog\lib-link.write.1.tlog
c:\advancedgraphics_hw\forward\build\windows\forward.dir\debug\forward.tlog\lib.command.1.tlog
